<?xml version="1.0" encoding="UTF-8"?>
<!-- Generated by org.testng.reporters.JUnitReportReporter -->
<testsuite skipped="0" hostname="Lisa" name="test.SeleniumTest" tests="2" failures="0" timestamp="20 May 2020 16:51:38 GMT" time="0.016" errors="0">
  <testcase name="nativeApps" time="0.003" classname="test.SeleniumTest"/>
  <testcase name="iosApps" time="0.013" classname="test.SeleniumTest"/>
</testsuite> <!-- test.SeleniumTest -->
