<?xml version="1.0" encoding="UTF-8"?>
<!-- Generated by org.testng.reporters.JUnitReportReporter -->
<testsuite skipped="0" hostname="Lisa" name="test.ApiumTest" tests="2" failures="0" timestamp="20 May 2020 16:51:37 GMT" time="0.006" errors="0">
  <testcase name="postJira" time="0.004" classname="test.ApiumTest"/>
  <testcase name="deleteTwitter" time="0.002" classname="test.ApiumTest"/>
</testsuite> <!-- test.ApiumTest -->
