<?xml version="1.0" encoding="UTF-8"?>
<!-- Generated by org.testng.reporters.JUnitReportReporter -->
<testsuite skipped="0" hostname="Lisa" name="test.RestAPITest" tests="2" failures="0" timestamp="20 May 2020 16:51:23 GMT" time="0.004" errors="0">
  <testcase name="elementUtil" time="0.002" classname="test.RestAPITest"/>
  <testcase name="browserAutomation" time="0.002" classname="test.RestAPITest"/>
</testsuite> <!-- test.RestAPITest -->
